<?xml version="1.0" encoding="UTF-8"?>
<!-- Generated by org.testng.reporters.JUnitXMLReporter -->
<testsuite ignored="0" hostname="LAPTOP-I0Q90R20" failures="0" tests="4" name="Default test" time="51.346" errors="0" timestamp="2021-12-31T21:36:46 PST">
  <testcase classname="Testlayer.Logintest" name="Title" time="0.021"/>
  <testcase classname="Testlayer.Logintest" name="Login" time="5.179"/>
  <testcase classname="Testlayer.Logintest" name="Login" time="5.191"/>
  <testcase classname="Testlayer.Logintest" name="Login" time="5.171"/>
</testsuite> <!-- Default test -->
